<?xml version="1.0" encoding="UTF-8"?>
<!-- Generated by org.testng.reporters.JUnitReportReporter -->
<testsuite hostname="DESKTOP-G8O6OG0" failures="0" tests="1" name="com.MyTests.D04ReadFromExcel" time="0.023" errors="0" timestamp="2024-08-05T21:40:23 IST" skipped="0">
  <testcase classname="com.MyTests.D04ReadFromExcel" name="readData" time="0.023"/>
</testsuite> <!-- com.MyTests.D04ReadFromExcel -->
