<?xml version="1.0" encoding="UTF-8"?>
<!-- Generated by org.testng.reporters.JUnitReportReporter -->
<testsuite hostname="DESKTOP-G8O6OG0" failures="0" tests="4" name="com.MyTests.D05LoginToOHRM" time="0.017" errors="0" timestamp="2024-08-05T21:55:58 IST" skipped="0">
  <testcase classname="com.MyTests.D05LoginToOHRM" name="loginToOHRM" time="0.004"/>
  <testcase classname="com.MyTests.D05LoginToOHRM" name="loginToOHRM" time="0.002"/>
  <testcase classname="com.MyTests.D05LoginToOHRM" name="loginToOHRM" time="0.010"/>
  <testcase classname="com.MyTests.D05LoginToOHRM" name="loginToOHRM" time="0.001"/>
</testsuite> <!-- com.MyTests.D05LoginToOHRM -->
