<?xml version="1.0" encoding="UTF-8"?>
<!-- Generated by org.testng.reporters.JUnitReportReporter -->
<testsuite hostname="DESKTOP-G8O6OG0" failures="0" tests="2" name="com.MyTests.D03TrialTest" time="0.038" errors="0" timestamp="2024-08-05T21:28:31 IST" skipped="0">
  <testcase classname="com.MyTests.D03TrialTest" name="test1" time="0.030"/>
  <testcase classname="com.MyTests.D03TrialTest" name="test2" time="0.008"/>
</testsuite> <!-- com.MyTests.D03TrialTest -->
