<?xml version="1.0" encoding="UTF-8"?>
<!-- Generated by org.testng.reporters.JUnitReportReporter -->
<testsuite hostname="DESKTOP-G8O6OG0" failures="0" tests="1" name="com.TestNGDemos.D08Parameterization" time="4.970" errors="0" timestamp="2024-07-30T21:57:55 IST" skipped="0">
  <testcase classname="com.TestNGDemos.D08Parameterization" name="loginToOHRM" time="4.970"/>
</testsuite> <!-- com.TestNGDemos.D08Parameterization -->
