<?xml version="1.0" encoding="UTF-8"?>
<!-- Generated by org.testng.reporters.JUnitReportReporter -->
<testsuite hostname="DESKTOP-G8O6OG0" failures="0" tests="4" name="com.TestNGDemos.D03Before_After_Test" time="35.971" errors="0" timestamp="2024-07-29T21:17:22 IST" skipped="0">
  <testcase classname="com.TestNGDemos.D03Before_After_Test" name="openFirstCry" time="4.558"/>
  <testcase classname="com.TestNGDemos.D03Before_After_Test" name="openMeesho" time="3.682"/>
  <testcase classname="com.TestNGDemos.D03Before_After_Test" name="openAmazon" time="3.646"/>
  <testcase classname="com.TestNGDemos.D03Before_After_Test" name="openMyntra" time="24.085"/>
</testsuite> <!-- com.TestNGDemos.D03Before_After_Test -->
