<?xml version="1.0" encoding="UTF-8"?>
<!-- Generated by org.testng.reporters.JUnitReportReporter -->
<testsuite hostname="DESKTOP-G8O6OG0" failures="0" tests="4" name="com.TestNGDemos.D04Before_After_Method" time="18.398" errors="0" timestamp="2024-07-30T20:59:36 IST" skipped="0">
  <testcase classname="com.TestNGDemos.D04Before_After_Method" name="openFirstCry" time="5.574"/>
  <testcase classname="com.TestNGDemos.D04Before_After_Method" name="openMeesho" time="3.761"/>
  <testcase classname="com.TestNGDemos.D04Before_After_Method" name="openAmazon" time="5.264"/>
  <testcase classname="com.TestNGDemos.D04Before_After_Method" name="openMyntra" time="3.799"/>
</testsuite> <!-- com.TestNGDemos.D04Before_After_Method -->
