<?xml version="1.0" encoding="UTF-8"?>
<!-- Generated by org.testng.reporters.JUnitReportReporter -->
<testsuite hostname="DESKTOP-G8O6OG0" failures="0" tests="1" name="com.TestNGDemos.D13CreateStudentInfo" time="0.068" errors="0" timestamp="2024-08-02T21:04:35 IST" skipped="0">
  <testcase classname="com.TestNGDemos.D13CreateStudentInfo" name="addStudentData" time="0.068"/>
</testsuite> <!-- com.TestNGDemos.D13CreateStudentInfo -->
