<?xml version="1.0" encoding="UTF-8"?>
<!-- Generated by org.testng.reporters.JUnitReportReporter -->
<testsuite hostname="DESKTOP-G8O6OG0" failures="0" tests="1" name="com.TestNGDemos.D01MyFirstTest" time="16.412" errors="0" timestamp="2024-07-29T20:37:58 IST" skipped="0">
  <testcase classname="com.TestNGDemos.D01MyFirstTest" name="openSelenium" time="16.412"/>
</testsuite> <!-- com.TestNGDemos.D01MyFirstTest -->
