<?xml version="1.0" encoding="UTF-8"?>
<!-- Generated by org.testng.reporters.JUnitReportReporter -->
<testsuite hostname="DESKTOP-G8O6OG0" failures="0" tests="4" name="com.TestNGDemos.D04Before_After_Method" time="14.293" errors="0" timestamp="2024-07-29T21:29:35 IST" skipped="0">
  <testcase classname="com.TestNGDemos.D04Before_After_Method" name="openFirstCry" time="3.597"/>
  <testcase classname="com.TestNGDemos.D04Before_After_Method" name="openMeesho" time="3.214"/>
  <testcase classname="com.TestNGDemos.D04Before_After_Method" name="openAmazon" time="4.140"/>
  <testcase classname="com.TestNGDemos.D04Before_After_Method" name="openMyntra" time="3.342"/>
</testsuite> <!-- com.TestNGDemos.D04Before_After_Method -->
