<?xml version="1.0" encoding="UTF-8"?>
<!-- Generated by org.testng.reporters.JUnitReportReporter -->
<testsuite hostname="DESKTOP-G8O6OG0" failures="0" tests="5" name="com.TestNGDemos.D14CreateLoginData" time="0.100" errors="0" timestamp="2024-08-02T21:24:20 IST" skipped="0">
  <testcase classname="com.TestNGDemos.D14CreateLoginData" name="writeData" time="0.006"/>
  <testcase classname="com.TestNGDemos.D14CreateLoginData" name="writeData" time="0.007"/>
  <testcase classname="com.TestNGDemos.D14CreateLoginData" name="writeData" time="0.008"/>
  <testcase classname="com.TestNGDemos.D14CreateLoginData" name="writeData" time="0.004"/>
  <testcase classname="com.TestNGDemos.D14CreateLoginData" name="writeData" time="0.075"/>
</testsuite> <!-- com.TestNGDemos.D14CreateLoginData -->
