<?xml version="1.0" encoding="UTF-8"?>
<!-- Generated by org.testng.reporters.JUnitReportReporter -->
<testsuite hostname="DESKTOP-G8O6OG0" failures="0" tests="2" name="com.TestNGDemos.D05FirstCryAssignment" time="20.904" errors="0" timestamp="2024-07-30T21:38:53 IST" skipped="0">
  <testcase classname="com.TestNGDemos.D05FirstCryAssignment" name="clickOnToys" time="11.010"/>
  <testcase classname="com.TestNGDemos.D05FirstCryAssignment" name="clickOnFootwear" time="9.894"/>
</testsuite> <!-- com.TestNGDemos.D05FirstCryAssignment -->
