<?xml version="1.0" encoding="UTF-8"?>
<!-- Generated by org.testng.reporters.JUnitReportReporter -->
<testsuite hostname="DESKTOP-G8O6OG0" failures="0" tests="1" name="com.TestNGDemos.D10KeywordDrivenFramework" time="1.055" errors="0" timestamp="2024-08-01T21:43:48 IST" skipped="0">
  <testcase classname="com.TestNGDemos.D10KeywordDrivenFramework" name="registration" time="1.055"/>
</testsuite> <!-- com.TestNGDemos.D10KeywordDrivenFramework -->
