<?xml version="1.0" encoding="UTF-8"?>
<!-- Generated by org.testng.reporters.JUnitReportReporter -->
<testsuite hostname="DESKTOP-G8O6OG0" failures="0" tests="1" name="com.TestNGDemos.D12WriteToExcel" time="0.066" errors="0" timestamp="2024-08-02T20:50:22 IST" skipped="0">
  <testcase classname="com.TestNGDemos.D12WriteToExcel" name="writeTheData" time="0.066"/>
</testsuite> <!-- com.TestNGDemos.D12WriteToExcel -->
