<?xml version="1.0" encoding="UTF-8"?>
<!-- Generated by org.testng.reporters.JUnitReportReporter -->
<testsuite hostname="DESKTOP-G8O6OG0" failures="0" tests="4" name="com.TestNGDemos.D06DataProviderDemo" time="10.486" errors="0" timestamp="2024-07-30T20:42:40 IST" skipped="0">
  <testcase classname="com.TestNGDemos.D06DataProviderDemo" name="loginToOHRM" time="3.095"/>
  <testcase classname="com.TestNGDemos.D06DataProviderDemo" name="loginToOHRM" time="2.261"/>
  <testcase classname="com.TestNGDemos.D06DataProviderDemo" name="loginToOHRM" time="3.394"/>
  <testcase classname="com.TestNGDemos.D06DataProviderDemo" name="loginToOHRM" time="1.736"/>
</testsuite> <!-- com.TestNGDemos.D06DataProviderDemo -->
