<?xml version="1.0" encoding="UTF-8"?>
<!-- Generated by org.testng.reporters.JUnitReportReporter -->
<testsuite hostname="DESKTOP-G8O6OG0" failures="0" tests="4" name="com.TestNGDemos.D02MultipleTests" time="49.106" errors="0" timestamp="2024-07-30T21:46:07 IST" skipped="0">
  <testcase classname="com.TestNGDemos.D02MultipleTests" name="openFirstCry" time="11.834"/>
  <testcase classname="com.TestNGDemos.D02MultipleTests" name="openMeesho" time="12.588"/>
  <testcase classname="com.TestNGDemos.D02MultipleTests" name="openAmazon" time="12.615"/>
  <testcase classname="com.TestNGDemos.D02MultipleTests" name="openMyntra" time="12.069"/>
</testsuite> <!-- com.TestNGDemos.D02MultipleTests -->
