<?xml version="1.0" encoding="UTF-8"?>
<!-- Generated by org.testng.reporters.JUnitReportReporter -->
<testsuite hostname="DESKTOP-G8O6OG0" failures="0" tests="4" name="com.TestNGDemos.D02MultipleTests" time="25.759" errors="0" timestamp="2024-07-29T20:51:28 IST" skipped="0">
  <testcase classname="com.TestNGDemos.D02MultipleTests" name="openFirstCry" time="8.519"/>
  <testcase classname="com.TestNGDemos.D02MultipleTests" name="openMeesho" time="5.851"/>
  <testcase classname="com.TestNGDemos.D02MultipleTests" name="openAmazon" time="5.906"/>
  <testcase classname="com.TestNGDemos.D02MultipleTests" name="openMyntra" time="5.483"/>
</testsuite> <!-- com.TestNGDemos.D02MultipleTests -->
