<?xml version="1.0" encoding="UTF-8"?>
<!-- Generated by org.testng.reporters.JUnitReportReporter -->
<testsuite hostname="DESKTOP-G8O6OG0" failures="0" tests="2" name="com.TestNGDemos.D11PageObjectModel" time="4.214" errors="0" timestamp="2024-08-01T21:40:53 IST" skipped="0">
  <testcase classname="com.TestNGDemos.D11PageObjectModel" name="truckTest" time="1.466"/>
  <testcase classname="com.TestNGDemos.D11PageObjectModel" name="automobileTest" time="2.748"/>
</testsuite> <!-- com.TestNGDemos.D11PageObjectModel -->
