<?xml version="1.0" encoding="UTF-8"?>
<!-- Generated by org.testng.reporters.JUnitReportReporter -->
<testsuite hostname="DESKTOP-G8O6OG0" failures="0" tests="4" name="com.TestNGDemos.D05FirstCryAssignment" time="26.836" errors="0" timestamp="2024-07-29T21:42:25 IST" skipped="0">
  <testcase classname="com.TestNGDemos.D05FirstCryAssignment" name="clickOnBoysFashion" time="5.731"/>
  <testcase classname="com.TestNGDemos.D05FirstCryAssignment" name="clickOnGirlsFashion" time="5.802"/>
  <testcase classname="com.TestNGDemos.D05FirstCryAssignment" name="clickOnToys" time="10.757"/>
  <testcase classname="com.TestNGDemos.D05FirstCryAssignment" name="clickOnFootwear" time="4.546"/>
</testsuite> <!-- com.TestNGDemos.D05FirstCryAssignment -->
