<?xml version="1.0" encoding="UTF-8"?>
<!-- Generated by org.testng.reporters.JUnitReportReporter -->
<testsuite hostname="DESKTOP-G8O6OG0" failures="0" tests="3" name="com.MyAssignments.A07OHRMLogin_Logout" time="9.636" errors="0" timestamp="2024-07-30T21:25:06 IST" skipped="0">
  <testcase classname="com.MyAssignments.A07OHRMLogin_Logout" name="loginToOHRM1" time="1.042"/>
  <testcase classname="com.MyAssignments.A07OHRMLogin_Logout" name="loginToOHRM3" time="3.735"/>
  <testcase classname="com.MyAssignments.A07OHRMLogin_Logout" name="loginToOHRM2" time="4.859"/>
</testsuite> <!-- com.MyAssignments.A07OHRMLogin_Logout -->
