<?xml version="1.0" encoding="UTF-8"?>
<!-- Generated by org.testng.reporters.JUnitReportReporter -->
<testsuite hostname="DESKTOP-G8O6OG0" failures="0" tests="2" name="com.TestNGDemos.D09Dependency" time="0.049" errors="0" timestamp="2024-07-30T22:21:47 IST" skipped="0">
  <testcase classname="com.TestNGDemos.D09Dependency" name="login" time="0.037"/>
  <testcase classname="com.TestNGDemos.D09Dependency" name="logout" time="0.012"/>
</testsuite> <!-- com.TestNGDemos.D09Dependency -->
